<?xml version="1.0" encoding="UTF-8"?>
<!-- Generated by org.testng.reporters.JUnitReportReporter -->
<testsuite hostname="DESKTOP-M4GRLMR" failures="0" tests="4" name="appiumTestcases.myTestCases" time="13.486" errors="0" timestamp="2023-12-16T19:13:20 EET" skipped="3">
  <testcase classname="appiumTestcases.myTestCases" name="clickonevenNumbers" time="13.486"/>
  <system-out/>
  <testcase classname="appiumTestcases.myTestCases" name="multiplyFunction">
    <skipped/>
  </testcase> <!-- multiplyFunction -->
  <system-out/>
  <testcase classname="appiumTestcases.myTestCases" name="myTest">
    <skipped/>
  </testcase> <!-- myTest -->
  <system-out/>
  <testcase classname="appiumTestcases.myTestCases" name="ClickOnAllnumbers">
    <skipped/>
  </testcase> <!-- ClickOnAllnumbers -->
  <system-out/>
</testsuite> <!-- appiumTestcases.myTestCases -->
